<?xml version="1.0" encoding="UTF-8"?>
<!-- Generated by org.testng.reporters.JUnitReportReporter -->
<testsuite hostname="LAPTOP-6IL82U3N" failures="0" tests="1" name="experiments.Experiments" time="8.346" errors="0" timestamp="2022-12-27T00:52:20 GMT" skipped="0">
  <testcase classname="experiments.Experiments" name="openApplicationURl" time="8.346"/>
  <system-out/>
</testsuite> <!-- experiments.Experiments -->
