<?xml version="1.0" encoding="UTF-8"?>
<!-- Generated by org.testng.reporters.JUnitReportReporter -->
<testsuite hostname="LAPTOP-6IL82U3N" failures="0" tests="1" name="com.tutorialsNinja.qa.testcases.Login" time="3.753" errors="0" timestamp="2022-12-26T21:53:26 GMT" skipped="0">
  <testcase classname="com.tutorialsNinja.qa.testcases.Login" name="verifyLoginWithValidCredentials" time="3.753"/>
  <system-out/>
</testsuite> <!-- com.tutorialsNinja.qa.testcases.Login -->
