<?xml version="1.0" encoding="UTF-8"?>
<!-- Generated by org.testng.reporters.JUnitReportReporter -->
<testsuite hostname="LAPTOP-6IL82U3N" failures="0" tests="1" name="com.qa.experiments.Experiments" time="10.405" errors="0" timestamp="2022-12-27T11:53:52 GMT" skipped="0">
  <testcase classname="com.qa.experiments.Experiments" name="pickEcpectedDateFromCalender" time="10.405"/>
  <system-out/>
</testsuite> <!-- com.qa.experiments.Experiments -->
